\BOOKMARK [0][-]{chapter*.2}{Preface}{}% 1
\BOOKMARK [0][-]{chapter*.3}{Acknowldegements}{}% 2
\BOOKMARK [0][-]{chapter.1}{American Political Humor}{}% 3
\BOOKMARK [1][-]{section.1.1}{The Greyness of Mark Twain}{chapter.1}% 4
\BOOKMARK [1][-]{section.1.2}{The Greyness of Mark Twain \(revision\)}{chapter.1}% 5
\BOOKMARK [1][-]{section.1.3}{Feeding the Comedian Ego}{chapter.1}% 6
\BOOKMARK [1][-]{section.1.4}{The Importance of Being Obnoxious}{chapter.1}% 7
\BOOKMARK [0][-]{chapter.2}{Trajectories in Photography}{}% 8
\BOOKMARK [1][-]{section.2.1}{Analysis of Wilson Hicks: ``What is Photojournalism?''}{chapter.2}% 9
\BOOKMARK [1][-]{section.2.2}{Flakey Imagery}{chapter.2}% 10
\BOOKMARK [0][-]{chapter.3}{China and its Neighbors}{}% 11
\BOOKMARK [1][-]{section.3.1}{The Disputes of Grey Areas}{chapter.3}% 12
\BOOKMARK [1][-]{section.3.2}{A Culture of Disunity}{chapter.3}% 13
\BOOKMARK [1][-]{section.3.3}{The Assimilation Question}{chapter.3}% 14
\BOOKMARK [0][-]{chapter.4}{Capitalism and Individualism}{}% 15
\BOOKMARK [1][-]{section.4.1}{The Bootstrapping Factor}{chapter.4}% 16
\BOOKMARK [1][-]{section.4.2}{Misunderstanding the Misunderstood}{chapter.4}% 17
\BOOKMARK [1][-]{section.4.3}{A Collective Dreaming}{chapter.4}% 18
\BOOKMARK [1][-]{section.4.4}{The Immigrant Ethic and the Spirit of Escapism}{chapter.4}% 19
\BOOKMARK [0][-]{chapter.5}{Modern China}{}% 20
\BOOKMARK [1][-]{section.5.1}{Success and Failure in the Qing Exams}{chapter.5}% 21
\BOOKMARK [1][-]{section.5.2}{The Adaptable Prosper}{chapter.5}% 22
\BOOKMARK [1][-]{section.5.3}{The Fear-Cult of Mao}{chapter.5}% 23
\BOOKMARK [0][-]{chapter.6}{China's Environmental Crisis}{}% 24
\BOOKMARK [1][-]{section.6.1}{Nature Versus Nature Versus Nature}{chapter.6}% 25
\BOOKMARK [1][-]{section.6.2}{For the Sake of a View}{chapter.6}% 26
\BOOKMARK [0][-]{chapter.7}{Art, Anthropology, and Empire}{}% 27
\BOOKMARK [1][-]{section.7.1}{Recontextualizing Aesthetics of a Nkisi Nkondi}{chapter.7}% 28
\BOOKMARK [1][-]{section.7.2}{Commodifying Tattoo}{chapter.7}% 29
\BOOKMARK [1][-]{section.7.3}{Skin-Deep Identities}{chapter.7}% 30
